<?xml version="1.0" encoding="UTF-8"?>
<!-- Generated by org.testng.reporters.JUnitXMLReporter -->
<testsuite ignored="0" hostname="LAPTOP-I3AH956V" failures="0" tests="2" name="Error VAlidation Test" time="15.025" errors="0" timestamp="2025-04-26T14:42:53 IST">
  <testcase classname="rahulshettyacademy.ErrorValidations" name="LoginErrorValidation" time="1.231"/>
  <testcase classname="rahulshettyacademy.ErrorValidations" name="ProductErrorValidation" time="3.728"/>
</testsuite> <!-- Error VAlidation Test -->
