<?xml version="1.0" encoding="UTF-8"?>
<!-- Generated by org.testng.reporters.JUnitXMLReporter -->
<testsuite ignored="0" hostname="LAPTOP-I3AH956V" failures="1" tests="3" name="Error VAlidation Test" time="15.083" errors="0" timestamp="2025-04-21T14:10:32 IST">
  <testcase classname="rahulshettyacademy.ErrorValidations" name="LoginErrorValidation" time="1.338">
    <skipped/>
  </testcase> <!-- LoginErrorValidation -->
  <testcase classname="rahulshettyacademy.ErrorValidations" name="LoginErrorValidation" time="0.733">
    <failure type="java.lang.AssertionError" message="expected [Incorrect email or password.] but found [Incorrect email password.]">
      <![CDATA[java.lang.AssertionError: expected [Incorrect email or password.] but found [Incorrect email password.]
at rahulshettyacademy.ErrorValidations.LoginErrorValidation(ErrorValidations.java:33)
at java.base/java.util.ArrayList.forEach(ArrayList.java:1511)
... Removed 33 stack frames]]>
    </failure>
  </testcase> <!-- LoginErrorValidation -->
  <testcase classname="rahulshettyacademy.ErrorValidations" name="ProductErrorValidation" time="2.728"/>
</testsuite> <!-- Error VAlidation Test -->
