<?xml version="1.0" encoding="UTF-8"?>
<!-- Generated by org.testng.reporters.JUnitXMLReporter -->
<testsuite ignored="1" hostname="LAPTOP-I3AH956V" failures="0" tests="2" name="Submit Order" time="16.387" errors="0" timestamp="2025-04-20T19:31:34 IST">
  <testcase classname="rahulshettyacademy.SubmitOrderTest" name="SubmitOrder" time="3.687"/>
  <testcase classname="rahulshettyacademy.SubmitOrderTest" name="SubmitOrder" time="3.77"/>
  <testcase classname="rahulshettyacademy.SubmitOrderTest" name="OrderHistoryTest" time="0.0">
    <ignored/>
  </testcase> <!-- OrderHistoryTest -->
</testsuite> <!-- Submit Order -->
