<?xml version="1.0" encoding="UTF-8"?>
<!-- Generated by org.testng.reporters.JUnitXMLReporter -->
<testsuite ignored="0" hostname="LAPTOP-I3AH956V" failures="0" tests="3" name="Submit Order" time="24.829" errors="0" timestamp="2025-04-21T14:10:17 IST">
  <testcase classname="rahulshettyacademy.SubmitOrderTest" name="SubmitOrder" time="3.948"/>
  <testcase classname="rahulshettyacademy.SubmitOrderTest" name="SubmitOrder" time="3.612"/>
  <testcase classname="rahulshettyacademy.SubmitOrderTest" name="OrderHistoryTest" time="0.976"/>
</testsuite> <!-- Submit Order -->
