<?xml version="1.0" encoding="UTF-8"?>
<!-- Generated by org.testng.reporters.JUnitXMLReporter -->
<testsuite ignored="0" hostname="LAPTOP-I3AH956V" failures="0" tests="2" name="Error VAlidation Test" time="9.449" errors="0" timestamp="2025-04-26T14:26:43 IST">
  <testcase classname="rahulshettyacademy.ErrorValidations" name="LoginErrorValidation" time="1.523"/>
  <testcase classname="rahulshettyacademy.ErrorValidations" name="ProductErrorValidation" time="2.919"/>
</testsuite> <!-- Error VAlidation Test -->
