<?xml version="1.0" encoding="UTF-8"?>
<!-- Generated by org.testng.reporters.JUnitXMLReporter -->
<testsuite ignored="1" hostname="LAPTOP-I3AH956V" failures="0" tests="1" name="Error VAlidation Test" time="5.64" errors="0" timestamp="2025-04-21T14:46:19 IST">
  <testcase classname="rahulshettyacademy.ErrorValidations" name="LoginErrorValidation" time="0.723"/>
  <testcase classname="rahulshettyacademy.ErrorValidations" name="ProductErrorValidation" time="0.0">
    <ignored/>
  </testcase> <!-- ProductErrorValidation -->
</testsuite> <!-- Error VAlidation Test -->
