<?xml version="1.0" encoding="UTF-8"?>
<testng-results ignored="3" total="5" passed="2" failed="0" skipped="0">
  <reporter-output>
  </reporter-output>
  <suite started-at="2025-04-20T19:31:18 IST" name="Suite" finished-at="2025-04-20T19:31:34 IST" duration-ms="16387">
    <groups>
      <group name="Purchase">
        <method signature="SubmitOrderTest.SubmitOrder(java.util.HashMap)[pri:0, instance:rahulshettyacademy.SubmitOrderTest@4b741d6d]" name="SubmitOrder" class="rahulshettyacademy.SubmitOrderTest"/>
      </group> <!-- Purchase -->
    </groups>
    <test started-at="2025-04-20T19:31:18 IST" name="Error VAlidation Test" finished-at="2025-04-20T19:31:18 IST" duration-ms="32">
    </test> <!-- Error VAlidation Test -->
    <test started-at="2025-04-20T19:31:18 IST" name="Submit Order" finished-at="2025-04-20T19:31:34 IST" duration-ms="16387">
      <class name="rahulshettyacademy.SubmitOrderTest">
        <test-method is-config="true" signature="LaunceApplication()[pri:0, instance:rahulshettyacademy.SubmitOrderTest@4b741d6d]" started-at="2025-04-20T19:31:18 IST" name="LaunceApplication" finished-at="2025-04-20T19:31:24 IST" duration-ms="6051" status="PASS">
          <reporter-output>
          </reporter-output>
        </test-method> <!-- LaunceApplication -->
        <test-method signature="SubmitOrder(java.util.HashMap)[pri:0, instance:rahulshettyacademy.SubmitOrderTest@4b741d6d]" started-at="2025-04-20T19:31:24 IST" name="SubmitOrder" data-provider="getData" finished-at="2025-04-20T19:31:28 IST" duration-ms="3687" status="PASS">
          <params>
            <param index="0">
              <value>
                <![CDATA[{password=Dipto6597#, email=sudiptachowdhury6597@gmail.com, productName=ZARA COAT 3}]]>
              </value>
            </param>
          </params>
          <reporter-output>
          </reporter-output>
        </test-method> <!-- SubmitOrder -->
        <test-method is-config="true" signature="tearDown()[pri:0, instance:rahulshettyacademy.SubmitOrderTest@4b741d6d]" started-at="2025-04-20T19:31:28 IST" name="tearDown" finished-at="2025-04-20T19:31:28 IST" duration-ms="120" status="PASS">
          <reporter-output>
          </reporter-output>
        </test-method> <!-- tearDown -->
        <test-method is-config="true" signature="LaunceApplication()[pri:0, instance:rahulshettyacademy.SubmitOrderTest@4b741d6d]" started-at="2025-04-20T19:31:28 IST" name="LaunceApplication" finished-at="2025-04-20T19:31:30 IST" duration-ms="2448" status="PASS">
          <reporter-output>
          </reporter-output>
        </test-method> <!-- LaunceApplication -->
        <test-method signature="SubmitOrder(java.util.HashMap)[pri:0, instance:rahulshettyacademy.SubmitOrderTest@4b741d6d]" started-at="2025-04-20T19:31:30 IST" name="SubmitOrder" data-provider="getData" finished-at="2025-04-20T19:31:34 IST" duration-ms="3770" status="PASS">
          <params>
            <param index="0">
              <value>
                <![CDATA[{password=Dipto6597#, email=dip6597.sc@gmail.com, productName=ADIDAS ORIGINAL}]]>
              </value>
            </param>
          </params>
          <reporter-output>
          </reporter-output>
        </test-method> <!-- SubmitOrder -->
        <test-method is-config="true" signature="tearDown()[pri:0, instance:rahulshettyacademy.SubmitOrderTest@4b741d6d]" started-at="2025-04-20T19:31:34 IST" name="tearDown" finished-at="2025-04-20T19:31:34 IST" duration-ms="132" status="PASS">
          <reporter-output>
          </reporter-output>
        </test-method> <!-- tearDown -->
      </class> <!-- rahulshettyacademy.SubmitOrderTest -->
    </test> <!-- Submit Order -->
  </suite> <!-- Suite -->
</testng-results>
